[ 2018-04-26T18:24:10+08:00 ] 127.0.0.1 /index.php?g=user&m=index&a=is_login
INFO: [ app_begin ] --START--
INFO: Run Behavior\ReadHtmlCacheBehavior [ RunTime:0.000228s ]
INFO: Run Behavior\CheckLangBehavior [ RunTime:0.002060s ]
INFO: Run Behavior\CronRunBehavior [ RunTime:0.006387s ]
INFO: [ app_begin ] --END-- [ RunTime:0.009951s ]
NOTIC: [8] Undefined index: url D:\workspace\debo\server\application\Common\Controller\AppframeController.class.php 第 43 行.

[ 2018-04-26T18:24:35+08:00 ] 127.0.0.1 /index.php?g=user&m=index&a=is_login
INFO: [ app_begin ] --START--
INFO: Run Behavior\ReadHtmlCacheBehavior [ RunTime:0.000534s ]
INFO: Run Behavior\CheckLangBehavior [ RunTime:0.005907s ]
INFO: Run Behavior\CronRunBehavior [ RunTime:0.002705s ]
INFO: [ app_begin ] --END-- [ RunTime:0.011991s ]
NOTIC: [8] Undefined index: url D:\workspace\debo\server\application\Common\Controller\AppframeController.class.php 第 43 行.

[ 2018-04-26T18:24:41+08:00 ] 127.0.0.1 /index.php?g=user&m=login&a=index
ERR: Cron:test Runat 2018-04-26 18:24:41 Use 1.100026 s 

[ 2018-04-26T18:24:41+08:00 ] 127.0.0.1 /index.php?g=user&m=index&a=is_login
INFO: [ app_begin ] --START--
INFO: Run Behavior\ReadHtmlCacheBehavior [ RunTime:0.000264s ]
INFO: Run Behavior\CheckLangBehavior [ RunTime:0.001449s ]
INFO: Run Behavior\CronRunBehavior [ RunTime:0.001017s ]
INFO: [ app_begin ] --END-- [ RunTime:0.003975s ]
NOTIC: [8] Undefined index: url D:\workspace\debo\server\application\Common\Controller\AppframeController.class.php 第 43 行.

[ 2018-04-26T18:24:43+08:00 ] 127.0.0.1 /index.php?g=user&m=index&a=is_login
INFO: [ app_begin ] --START--
INFO: Run Behavior\ReadHtmlCacheBehavior [ RunTime:0.000284s ]
INFO: Run Behavior\CheckLangBehavior [ RunTime:0.001194s ]
INFO: Run Behavior\CronRunBehavior [ RunTime:0.000727s ]
INFO: [ app_begin ] --END-- [ RunTime:0.003040s ]
NOTIC: [8] Undefined index: url D:\workspace\debo\server\application\Common\Controller\AppframeController.class.php 第 43 行.

[ 2018-04-26T18:27:38+08:00 ] 127.0.0.1 /index.php?g=user&m=index&a=is_login
INFO: [ app_begin ] --START--
INFO: Run Behavior\ReadHtmlCacheBehavior [ RunTime:0.001097s ]
INFO: Run Behavior\CheckLangBehavior [ RunTime:0.001992s ]
INFO: Run Behavior\CronRunBehavior [ RunTime:0.001106s ]
INFO: [ app_begin ] --END-- [ RunTime:0.005126s ]
NOTIC: [8] Undefined index: url D:\workspace\debo\server\application\Common\Controller\AppframeController.class.php 第 43 行.

[ 2018-04-26T18:35:50+08:00 ] 127.0.0.1 /index.php?g=User&m=Indexadmin&a=index&menuid=134
ERR: Cron:test Runat 2018-04-26 18:35:50 Use 1.077762 s 

[ 2018-04-26T18:36:40+08:00 ] 127.0.0.1 /index.php?g=User&m=indexadmin&a=coins&id=510
ERR: Cron:test Runat 2018-04-26 18:36:40 Use 1.057214 s 

[ 2018-04-26T18:39:03+08:00 ] 127.0.0.1 /index.php?g=User&m=indexadmin&a=coins&id=510
ERR: Cron:test Runat 2018-04-26 18:39:03 Use 1.091032 s 

